	Iozone: Performance Test of File I/O
	        Version $Revision: 3.434 $
		Compiled for 64 bit mode.
		Build: linux-AMD64 

	Contributors:William Norcott, Don Capps, Isom Crawford, Kirby Collins
	             Al Slater, Scott Rhine, Mike Wisner, Ken Goss
	             Steve Landherr, Brad Smith, Mark Kelly, Dr. Alain CYR,
	             Randy Dunlap, Mark Montague, Dan Million, Gavin Brebner,
	             Jean-Marc Zucconi, Jeff Blomberg, Benny Halevy, Dave Boone,
	             Erik Habbinga, Kris Strecker, Walter Wong, Joshua Root,
	             Fabrice Bacchella, Zhenghua Xue, Qin Li, Darren Sawyer,
	             Vangel Bojaxhi, Ben England, Vikentsi Lapa,
	             Alexey Skidanov.

	Run began: Thu Jun 29 06:47:55 2017

	Auto Mode
	File size set to 64 kB
	File size set to 128 kB
	File size set to 256 kB
	Command line used: ./iozone -a -f /Users/mstrzele/minikube-nfs -s 64k -s 128k -s 256k
	Output is in kBytes/sec
	Time Resolution = 0.000001 seconds.
	Processor cache size set to 1024 kBytes.
	Processor cache line size set to 32 bytes.
	File stride size set to 17 * record size.
                                                              random    random     bkwd    record    stride                                    
              kB  reclen    write  rewrite    read    reread    read     write     read   rewrite      read   fwrite frewrite    fread  freread
              64       4  2203800  3541098   939223  6421025  4988978  3057153  4274062   4897948   7940539  3363612  3541098  5860307  8182586
              64       8  2298136  3203069  4897948  7940539  7940539  3363612  4274062   5860307  10402178  4018152  4274062  5283570  2923952
              64      16  1279447  3958892  9318832 10821524  9318832  4564786  4274062   4897948  10402178  3791156  3791156  6421025  7100397
              64      32  2203800  4564786 12902017 12902017  8182586  4274062  5283570   5283570   9006179  3738358  5860307  7940539  7940539
              64      64  2467108  3791156 10402178 15972885 10821524  4564786  5389653   4988978  10821524  2923952  4018152  9318832 12902017
             128       4  2511022  3759450  6406138  2558895  6727225  3895854  5603747   5545860   6406138  4135958  3867787  6406138  7582312
             128       8  2558895  4717434  4717434  9129573  9129573  4104338  6406138   7582312  12842051  2558895  3867787  8548124  9795896
             128      16  2843510  4557257 10779307  9795896  9795896  4889281  4889281   6406138  12842051  4407601  4557257  8414153  8548124
             128      32  3053774  4934216  9129573 11470204 10567140  4557257  7082197   6727225  14200794  5379161  3359523  8036304 11470204
             128      64  2558895  2211113  9795896 12842051 10567140  4934216  6114306   3657016   7582312  2727923  6114306  9795896 11720614
             128     128  2843510  1521718 10567140 15881078 11470204  5122535  8036304   4759253  10567140  5545860  4444086  9129573 11720614
             256       4  2665657  3879045  5347168  6936061  5687020  3557725  4117018   5717301   5455847  2413957  3052087  6595234  8815202
             256       8  3207059  4572895  7120034  8024634  8815202  4197489  6719046   7791708   8534922  4422226  4755158  8534922 11695808
             256      16  3207059  4652146 10245071 10245071 11207494  4819184  5428265   7735574  12812277  4404088  4422226  8024634 12812277
             256      32  3326279  4652146  6719046  8534922 10758322  3197509  5117791   7120034  11091721  4054829  3879045  6891544  8271916
             256      64  2975955  4755158  8271916 11569783 12228612  5320671  6595234   7120034  14953435  4998665  5022044  8024634 11695808
             256     128  3605511  3009318 10651598 13454450 12812277  5687020  7791708   6554972  11207494  4422226  5347168 10245071 12090911
             256     256  2632974  4332998 10245071 13454450 12228612  3378611  7120034   3810220   9434868  5428265  2849590  8534922 10651598

iozone test complete.
